2022-05-29 15:54:56,425  INFO [main] Ram:54 - browser is Opened
2022-05-29 15:54:59,960  INFO [main] Ram:59 - url opned
2022-05-29 15:55:01,291  INFO [main] Ram:75 - enter username
2022-05-29 15:55:02,648  INFO [main] Ram:81 - enter Password
2022-05-29 15:55:02,948  INFO [main] Ram:87 - click on login button
2022-05-29 15:55:03,603  INFO [main] Ram:102 - click on menu button
2022-05-29 15:55:03,736  INFO [main] Ram:106 - click on log out button
2022-05-29 15:55:04,045  INFO [main] Ram:113 - end of program
2022-05-29 15:55:05,233  INFO [main] Ram:54 - browser is Opened
2022-05-29 15:55:07,015  INFO [main] Ram:59 - url opned
2022-05-29 15:55:08,341  INFO [main] Ram:75 - enter username
2022-05-29 15:55:09,594  INFO [main] Ram:81 - enter Password
2022-05-29 15:55:09,875  INFO [main] Ram:87 - click on login button
2022-05-29 15:55:11,431  INFO [main] Ram:102 - click on menu button
2022-05-29 15:55:11,577  INFO [main] Ram:106 - click on log out button
2022-05-29 15:55:11,893  INFO [main] Ram:113 - end of program
2022-05-29 16:10:07,748  INFO [main] Ram:54 - browser is Opened
2022-05-29 16:10:10,170  INFO [main] Ram:59 - url opned
2022-05-29 16:10:11,535  INFO [main] Ram:75 - enter username
2022-05-29 16:10:12,766  INFO [main] Ram:81 - enter Password
2022-05-29 16:10:13,043  INFO [main] Ram:87 - click on login button
2022-05-29 16:10:13,493  INFO [main] Ram:102 - click on menu button
2022-05-29 16:10:13,623  INFO [main] Ram:106 - click on log out button
2022-05-29 16:10:13,894  INFO [main] Ram:113 - end of program
2022-05-29 16:10:15,027  INFO [main] Ram:54 - browser is Opened
2022-05-29 16:10:17,486  INFO [main] Ram:59 - url opned
2022-05-29 16:10:18,719  INFO [main] Ram:75 - enter username
2022-05-29 16:10:19,949  INFO [main] Ram:81 - enter Password
2022-05-29 16:10:20,238  INFO [main] Ram:87 - click on login button
2022-05-29 16:10:20,892  INFO [main] Ram:24 - select bag product
2022-05-29 16:10:21,201  INFO [main] Ram:29 - bike light element is select
2022-05-29 16:10:21,377  INFO [main] Ram:34 - jacket is select
2022-05-29 16:10:21,488  INFO [main] Ram:39 - red t shirt is select
2022-05-29 16:10:21,609  INFO [main] Ram:44 - T shirt is selected
2022-05-29 16:10:21,731  INFO [main] Ram:50 - onesie selected
2022-05-29 16:10:21,903  INFO [main] Ram:102 - click on menu button
2022-05-29 16:10:22,040  INFO [main] Ram:106 - click on log out button
2022-05-29 16:10:22,349  INFO [main] Ram:113 - end of program
2022-05-29 16:16:11,872  INFO [main] Ram:54 - browser is Opened
2022-05-29 16:16:13,906  INFO [main] Ram:59 - url opned
2022-05-29 16:16:15,384  INFO [main] Ram:75 - enter username
2022-05-29 16:16:16,644  INFO [main] Ram:81 - enter Password
2022-05-29 16:16:16,929  INFO [main] Ram:87 - click on login button
2022-05-29 16:16:17,422  INFO [main] Ram:102 - click on menu button
2022-05-29 16:16:17,595  INFO [main] Ram:106 - click on log out button
2022-05-29 16:16:17,890  INFO [main] Ram:113 - end of program
2022-05-29 16:16:19,006  INFO [main] Ram:54 - browser is Opened
2022-05-29 16:16:21,642  INFO [main] Ram:59 - url opned
2022-05-29 16:16:22,917  INFO [main] Ram:75 - enter username
2022-05-29 16:16:24,137  INFO [main] Ram:81 - enter Password
2022-05-29 16:16:24,416  INFO [main] Ram:87 - click on login button
2022-05-29 16:16:24,891  INFO [main] Ram:24 - select bag product
2022-05-29 16:16:25,240  INFO [main] Ram:29 - bike light element is select
2022-05-29 16:16:25,821  INFO [main] Ram:34 - jacket is select
2022-05-29 16:16:26,159  INFO [main] Ram:39 - red t shirt is select
2022-05-29 16:16:26,448  INFO [main] Ram:44 - T shirt is selected
2022-05-29 16:16:26,881  INFO [main] Ram:49 - onesie selected
2022-05-29 16:16:27,406  INFO [main] Ram:102 - click on menu button
2022-05-29 16:16:27,536  INFO [main] Ram:106 - click on log out button
2022-05-29 16:16:27,853  INFO [main] Ram:113 - end of program
2022-05-29 16:20:12,942  INFO [main] Ram:54 - browser is Opened
2022-05-29 16:20:14,832  INFO [main] Ram:59 - url opned
2022-05-29 16:20:16,199  INFO [main] Ram:75 - enter username
2022-05-29 16:20:17,531  INFO [main] Ram:81 - enter Password
2022-05-29 16:20:18,095  INFO [main] Ram:87 - click on login button
2022-05-29 16:20:18,899  INFO [main] Ram:102 - click on menu button
2022-05-29 16:20:19,060  INFO [main] Ram:106 - click on log out button
2022-05-29 16:20:19,294  INFO [main] Ram:113 - end of program
2022-05-29 16:20:20,480  INFO [main] Ram:54 - browser is Opened
2022-05-29 16:20:22,754  INFO [main] Ram:59 - url opned
2022-05-29 16:20:23,996  INFO [main] Ram:75 - enter username
2022-05-29 16:20:25,235  INFO [main] Ram:81 - enter Password
2022-05-29 16:20:25,545  INFO [main] Ram:87 - click on login button
2022-05-29 16:20:26,307  INFO [main] Ram:24 - select bag product
2022-05-29 16:20:26,783  INFO [main] Ram:29 - bike light element is select
2022-05-29 16:20:27,316  INFO [main] Ram:34 - jacket is select
2022-05-29 16:20:27,736  INFO [main] Ram:39 - red t shirt is select
2022-05-29 16:20:28,160  INFO [main] Ram:44 - T shirt is selected
2022-05-29 16:20:28,584  INFO [main] Ram:49 - onesie selected
2022-05-29 16:20:29,250  INFO [main] Ram:102 - click on menu button
2022-05-29 16:20:29,371  INFO [main] Ram:106 - click on log out button
2022-05-29 16:20:29,624  INFO [main] Ram:113 - end of program
2022-05-30 13:24:31,130  INFO [main] Ram:54 - browser is Opened
2022-05-30 13:24:34,111  INFO [main] Ram:54 - browser is Opened
2022-05-30 13:25:16,550  INFO [main] Ram:54 - browser is Opened
2022-05-30 13:25:19,162  INFO [main] Ram:59 - url opned
2022-05-30 13:25:20,538  INFO [main] Ram:75 - enter username
2022-05-30 13:25:21,758  INFO [main] Ram:81 - enter Password
2022-05-30 13:25:22,008  INFO [main] Ram:87 - click on login button
2022-05-30 13:25:22,417  INFO [main] Ram:102 - click on menu button
2022-05-30 13:25:22,531  INFO [main] Ram:106 - click on log out button
2022-05-30 13:25:23,064  INFO [main] Ram:113 - end of program
2022-05-30 13:25:24,199  INFO [main] Ram:54 - browser is Opened
2022-05-30 13:25:26,228  INFO [main] Ram:59 - url opned
2022-05-30 13:25:27,480  INFO [main] Ram:75 - enter username
2022-05-30 13:25:28,715  INFO [main] Ram:81 - enter Password
2022-05-30 13:25:28,976  INFO [main] Ram:87 - click on login button
2022-05-30 13:25:29,414  INFO [main] Ram:24 - select bag product
2022-05-30 13:25:29,742  INFO [main] Ram:29 - bike light element is select
2022-05-30 13:25:30,339  INFO [main] Ram:34 - jacket is select
2022-05-30 13:25:30,626  INFO [main] Ram:39 - red t shirt is select
2022-05-30 13:25:31,038  INFO [main] Ram:44 - T shirt is selected
2022-05-30 13:25:31,502  INFO [main] Ram:49 - onesie selected
2022-05-30 13:25:31,969  INFO [main] Ram:102 - click on menu button
2022-05-30 13:25:32,171  INFO [main] Ram:106 - click on log out button
2022-05-30 13:25:32,391  INFO [main] Ram:113 - end of program
2022-05-30 15:19:02,310  INFO [main] Ram:54 - browser is Opened
2022-05-30 15:19:04,689  INFO [main] Ram:59 - url opned
2022-05-30 15:19:06,045  INFO [main] Ram:75 - enter username
2022-05-30 15:19:07,280  INFO [main] Ram:81 - enter Password
2022-05-30 15:19:07,567  INFO [main] Ram:87 - click on login button
2022-05-30 15:19:07,976  INFO [main] Ram:102 - click on menu button
2022-05-30 15:19:08,127  INFO [main] Ram:106 - click on log out button
2022-05-30 15:19:08,394  INFO [main] Ram:113 - end of program
2022-05-30 15:19:09,471  INFO [main] Ram:54 - browser is Opened
2022-05-30 15:19:11,390  INFO [main] Ram:59 - url opned
2022-05-30 15:19:12,660  INFO [main] Ram:75 - enter username
2022-05-30 15:19:13,897  INFO [main] Ram:81 - enter Password
2022-05-30 15:19:14,207  INFO [main] Ram:87 - click on login button
2022-05-30 15:19:14,771  INFO [main] Ram:24 - select bag product
2022-05-30 15:19:15,051  INFO [main] Ram:29 - bike light element is select
2022-05-30 15:19:15,679  INFO [main] Ram:34 - jacket is select
2022-05-30 15:19:16,007  INFO [main] Ram:39 - red t shirt is select
2022-05-30 15:19:16,461  INFO [main] Ram:44 - T shirt is selected
2022-05-30 15:19:16,984  INFO [main] Ram:49 - onesie selected
2022-05-30 15:19:17,476  INFO [main] Ram:102 - click on menu button
2022-05-30 15:19:17,602  INFO [main] Ram:106 - click on log out button
2022-05-30 15:19:18,052  INFO [main] Ram:113 - end of program
2022-05-30 15:20:39,757  INFO [main] Ram:54 - browser is Opened
2022-05-30 15:20:41,596  INFO [main] Ram:59 - url opned
2022-05-30 15:20:43,025  INFO [main] Ram:75 - enter username
2022-05-30 15:20:44,259  INFO [main] Ram:81 - enter Password
2022-05-30 15:20:44,560  INFO [main] Ram:87 - click on login button
2022-05-30 15:20:45,024  INFO [main] Ram:102 - click on menu button
2022-05-30 15:20:45,164  INFO [main] Ram:106 - click on log out button
2022-05-30 15:20:45,456  INFO [main] Ram:113 - end of program
2022-05-30 15:20:46,746  INFO [main] Ram:54 - browser is Opened
2022-05-30 15:20:48,532  INFO [main] Ram:59 - url opned
2022-05-30 15:20:49,782  INFO [main] Ram:75 - enter username
2022-05-30 15:20:51,003  INFO [main] Ram:81 - enter Password
2022-05-30 15:20:51,310  INFO [main] Ram:87 - click on login button
2022-05-30 15:20:51,863  INFO [main] Ram:24 - select bag product
2022-05-30 15:20:52,167  INFO [main] Ram:29 - bike light element is select
2022-05-30 15:20:52,692  INFO [main] Ram:34 - jacket is select
2022-05-30 15:20:53,024  INFO [main] Ram:39 - red t shirt is select
2022-05-30 15:20:53,462  INFO [main] Ram:44 - T shirt is selected
2022-05-30 15:20:53,942  INFO [main] Ram:49 - onesie selected
2022-05-30 15:20:54,439  INFO [main] Ram:102 - click on menu button
2022-05-30 15:20:54,578  INFO [main] Ram:106 - click on log out button
2022-05-30 15:20:54,890  INFO [main] Ram:113 - end of program
2022-05-31 06:40:15,170  INFO [main] Ram:54 - browser is Opened
2022-05-31 06:40:18,426  INFO [main] Ram:54 - browser is Opened
2022-05-31 06:41:07,402  INFO [main] Ram:54 - browser is Opened
2022-05-31 06:41:15,406  INFO [main] Ram:59 - url opned
2022-05-31 06:41:16,885  INFO [main] Ram:75 - enter username
2022-05-31 06:41:18,207  INFO [main] Ram:81 - enter Password
2022-05-31 06:41:19,151  INFO [main] Ram:87 - click on login button
2022-05-31 06:41:20,001  INFO [main] Ram:102 - click on menu button
2022-05-31 06:41:20,438  INFO [main] Ram:106 - click on log out button
2022-05-31 06:41:21,045  INFO [main] Ram:113 - end of program
2022-05-31 06:41:23,836  INFO [main] Ram:54 - browser is Opened
2022-05-31 06:41:29,711  INFO [main] Ram:59 - url opned
2022-05-31 06:41:30,996  INFO [main] Ram:75 - enter username
2022-05-31 06:41:32,240  INFO [main] Ram:81 - enter Password
2022-05-31 06:41:32,488  INFO [main] Ram:87 - click on login button
2022-05-31 06:41:32,889  INFO [main] Ram:24 - select bag product
2022-05-31 06:41:33,147  INFO [main] Ram:29 - bike light element is select
2022-05-31 06:41:33,448  INFO [main] Ram:34 - jacket is select
2022-05-31 06:41:33,657  INFO [main] Ram:39 - red t shirt is select
2022-05-31 06:41:33,965  INFO [main] Ram:44 - T shirt is selected
2022-05-31 06:41:34,274  INFO [main] Ram:49 - onesie selected
2022-05-31 06:41:34,540  INFO [main] Ram:102 - click on menu button
2022-05-31 06:41:34,762  INFO [main] Ram:106 - click on log out button
2022-05-31 06:41:35,828  INFO [main] Ram:113 - end of program
2022-05-31 14:32:35,416  INFO [TestNG-test=ChromeTest-1] Ram:54 - browser is Opened
2022-05-31 14:32:35,418  INFO [TestNG-test=ChromeTest-2] Ram:54 - browser is Opened
2022-05-31 14:32:39,234  INFO [TestNG-test=ChromeTest-2] Ram:59 - url opned
2022-05-31 14:32:39,361  INFO [TestNG-test=ChromeTest-1] Ram:59 - url opned
2022-05-31 14:32:40,676  INFO [TestNG-test=ChromeTest-2] Ram:75 - enter username
2022-05-31 14:32:40,710  INFO [TestNG-test=ChromeTest-1] Ram:75 - enter username
2022-05-31 14:32:42,332  INFO [TestNG-test=ChromeTest-1] Ram:81 - enter Password
2022-05-31 14:32:42,357  INFO [TestNG-test=ChromeTest-2] Ram:81 - enter Password
2022-05-31 14:32:42,755  INFO [TestNG-test=ChromeTest-2] Ram:87 - click on login button
2022-05-31 14:32:42,768  INFO [TestNG-test=ChromeTest-1] Ram:87 - click on login button
2022-05-31 14:32:43,481  INFO [TestNG-test=ChromeTest-1] Ram:102 - click on menu button
2022-05-31 14:32:43,554  INFO [TestNG-test=ChromeTest-2] Ram:24 - select bag product
2022-05-31 14:32:43,762  INFO [TestNG-test=ChromeTest-1] Ram:106 - click on log out button
2022-05-31 14:32:44,180  INFO [TestNG-test=ChromeTest-2] Ram:29 - bike light element is select
2022-05-31 14:32:44,748  INFO [TestNG-test=ChromeTest-2] Ram:34 - jacket is select
2022-05-31 14:32:44,916  INFO [TestNG-test=ChromeTest-1] Ram:113 - end of program
2022-05-31 14:32:45,125  INFO [TestNG-test=ChromeTest-2] Ram:39 - red t shirt is select
2022-05-31 14:32:45,454  INFO [TestNG-test=ChromeTest-2] Ram:44 - T shirt is selected
2022-05-31 14:32:45,894  INFO [TestNG-test=ChromeTest-2] Ram:49 - onesie selected
2022-05-31 14:32:46,442  INFO [TestNG-test=ChromeTest-2] Ram:102 - click on menu button
2022-05-31 14:32:46,543  INFO [TestNG-test=ChromeTest-2] Ram:106 - click on log out button
2022-05-31 14:32:46,871  INFO [TestNG-test=ChromeTest-2] Ram:113 - end of program
2022-05-31 14:32:48,155  INFO [TestNG-test=EdgeTest-1] Ram:54 - browser is Opened
2022-05-31 14:32:49,891  INFO [TestNG-test=EdgeTest-2] Ram:54 - browser is Opened
2022-05-31 14:32:53,553  INFO [TestNG-test=EdgeTest-1] Ram:59 - url opned
2022-05-31 14:32:54,494  INFO [TestNG-test=EdgeTest-2] Ram:59 - url opned
2022-05-31 14:32:54,893  INFO [TestNG-test=EdgeTest-1] Ram:75 - enter username
2022-05-31 14:32:55,840  INFO [TestNG-test=EdgeTest-2] Ram:75 - enter username
2022-05-31 14:32:56,127  INFO [TestNG-test=EdgeTest-1] Ram:81 - enter Password
2022-05-31 14:32:56,527  INFO [TestNG-test=EdgeTest-1] Ram:87 - click on login button
2022-05-31 14:32:57,135  INFO [TestNG-test=EdgeTest-1] Ram:102 - click on menu button
2022-05-31 14:32:57,228  INFO [TestNG-test=EdgeTest-2] Ram:81 - enter Password
2022-05-31 14:32:57,282  INFO [TestNG-test=EdgeTest-1] Ram:106 - click on log out button
2022-05-31 14:32:57,571  INFO [TestNG-test=EdgeTest-2] Ram:87 - click on login button
2022-05-31 14:32:57,924  INFO [TestNG-test=EdgeTest-1] Ram:113 - end of program
2022-05-31 14:32:57,971  INFO [TestNG-test=EdgeTest-2] Ram:24 - select bag product
2022-05-31 14:32:58,227  INFO [TestNG-test=EdgeTest-2] Ram:29 - bike light element is select
2022-05-31 14:32:58,595  INFO [TestNG-test=EdgeTest-2] Ram:34 - jacket is select
2022-05-31 14:32:58,870  INFO [TestNG-test=EdgeTest-2] Ram:39 - red t shirt is select
2022-05-31 14:32:59,113  INFO [TestNG-test=EdgeTest-2] Ram:44 - T shirt is selected
2022-05-31 14:32:59,402  INFO [TestNG-test=EdgeTest-2] Ram:49 - onesie selected
2022-05-31 14:32:59,706  INFO [TestNG-test=EdgeTest-2] Ram:102 - click on menu button
2022-05-31 14:32:59,838  INFO [TestNG-test=EdgeTest-2] Ram:106 - click on log out button
2022-05-31 14:33:00,272  INFO [TestNG-test=EdgeTest-2] Ram:113 - end of program
2022-05-31 14:33:26,971  INFO [TestNG-test=ChromeTest-1] Ram:54 - browser is Opened
2022-05-31 14:33:27,673  INFO [TestNG-test=ChromeTest-2] Ram:54 - browser is Opened
2022-05-31 14:33:29,480  INFO [TestNG-test=ChromeTest-1] Ram:59 - url opned
2022-05-31 14:33:30,109  INFO [TestNG-test=ChromeTest-2] Ram:59 - url opned
2022-05-31 14:33:30,974  INFO [TestNG-test=ChromeTest-1] Ram:75 - enter username
2022-05-31 14:33:31,348  INFO [TestNG-test=ChromeTest-2] Ram:75 - enter username
2022-05-31 14:33:32,194  INFO [TestNG-test=ChromeTest-1] Ram:81 - enter Password
2022-05-31 14:33:32,469  INFO [TestNG-test=ChromeTest-1] Ram:87 - click on login button
2022-05-31 14:33:32,622  INFO [TestNG-test=ChromeTest-2] Ram:81 - enter Password
2022-05-31 14:33:32,986  INFO [TestNG-test=ChromeTest-1] Ram:102 - click on menu button
2022-05-31 14:33:33,045  INFO [TestNG-test=ChromeTest-2] Ram:87 - click on login button
2022-05-31 14:33:33,128  INFO [TestNG-test=ChromeTest-1] Ram:106 - click on log out button
2022-05-31 14:33:33,490  INFO [TestNG-test=ChromeTest-2] Ram:24 - select bag product
2022-05-31 14:33:33,554  INFO [TestNG-test=ChromeTest-1] Ram:113 - end of program
2022-05-31 14:33:33,804  INFO [TestNG-test=ChromeTest-2] Ram:29 - bike light element is select
2022-05-31 14:33:34,189  INFO [TestNG-test=ChromeTest-2] Ram:34 - jacket is select
2022-05-31 14:33:34,438  INFO [TestNG-test=ChromeTest-2] Ram:39 - red t shirt is select
2022-05-31 14:33:34,720  INFO [TestNG-test=ChromeTest-2] Ram:44 - T shirt is selected
2022-05-31 14:33:35,096  INFO [TestNG-test=ChromeTest-2] Ram:49 - onesie selected
2022-05-31 14:33:35,383  INFO [TestNG-test=ChromeTest-2] Ram:102 - click on menu button
2022-05-31 14:33:35,493  INFO [TestNG-test=ChromeTest-2] Ram:106 - click on log out button
2022-05-31 14:33:35,808  INFO [TestNG-test=ChromeTest-2] Ram:113 - end of program
2022-05-31 14:33:36,792  INFO [TestNG-test=EdgeTest-2] Ram:54 - browser is Opened
2022-05-31 14:33:38,895  INFO [TestNG-test=EdgeTest-1] Ram:54 - browser is Opened
2022-05-31 14:33:41,630  INFO [TestNG-test=EdgeTest-2] Ram:59 - url opned
2022-05-31 14:33:42,871  INFO [TestNG-test=EdgeTest-2] Ram:75 - enter username
2022-05-31 14:33:43,392  INFO [TestNG-test=EdgeTest-1] Ram:59 - url opned
2022-05-31 14:33:44,399  INFO [TestNG-test=EdgeTest-2] Ram:81 - enter Password
2022-05-31 14:33:44,690  INFO [TestNG-test=EdgeTest-1] Ram:75 - enter username
2022-05-31 14:33:45,003  INFO [TestNG-test=EdgeTest-2] Ram:87 - click on login button
2022-05-31 14:33:45,845  INFO [TestNG-test=EdgeTest-2] Ram:24 - select bag product
2022-05-31 14:33:46,303  INFO [TestNG-test=EdgeTest-1] Ram:81 - enter Password
2022-05-31 14:33:46,702  INFO [TestNG-test=EdgeTest-2] Ram:29 - bike light element is select
2022-05-31 14:33:46,903  INFO [TestNG-test=EdgeTest-1] Ram:87 - click on login button
2022-05-31 14:33:47,753  INFO [TestNG-test=EdgeTest-1] Ram:102 - click on menu button
2022-05-31 14:33:47,818  INFO [TestNG-test=EdgeTest-2] Ram:34 - jacket is select
2022-05-31 14:33:47,970  INFO [TestNG-test=EdgeTest-1] Ram:106 - click on log out button
2022-05-31 14:33:48,423  INFO [TestNG-test=EdgeTest-2] Ram:39 - red t shirt is select
2022-05-31 14:33:48,963  INFO [TestNG-test=EdgeTest-2] Ram:44 - T shirt is selected
2022-05-31 14:33:49,081  INFO [TestNG-test=EdgeTest-1] Ram:113 - end of program
2022-05-31 14:33:49,395  INFO [TestNG-test=EdgeTest-2] Ram:49 - onesie selected
2022-05-31 14:33:49,833  INFO [TestNG-test=EdgeTest-2] Ram:102 - click on menu button
2022-05-31 14:33:49,974  INFO [TestNG-test=EdgeTest-2] Ram:106 - click on log out button
2022-05-31 14:33:50,594  INFO [TestNG-test=EdgeTest-2] Ram:113 - end of program
2022-05-31 14:34:01,001  INFO [TestNG-test=FireFocxTest-2] Ram:54 - browser is Opened
2022-05-31 14:34:01,020  INFO [TestNG-test=FireFocxTest-1] Ram:54 - browser is Opened
2022-05-31 14:34:03,013  INFO [TestNG-test=FireFocxTest-1] Ram:59 - url opned
2022-05-31 14:34:03,165  INFO [TestNG-test=FireFocxTest-2] Ram:59 - url opned
2022-05-31 14:34:08,222  INFO [TestNG-test=FireFocxTest-2] Ram:75 - enter username
2022-05-31 14:34:08,245  INFO [TestNG-test=FireFocxTest-1] Ram:75 - enter username
2022-05-31 14:34:09,330  INFO [TestNG-test=FireFocxTest-2] Ram:81 - enter Password
2022-05-31 14:34:09,368  INFO [TestNG-test=FireFocxTest-1] Ram:81 - enter Password
2022-05-31 14:34:09,818  INFO [TestNG-test=FireFocxTest-1] Ram:87 - click on login button
2022-05-31 14:34:10,135  INFO [TestNG-test=FireFocxTest-2] Ram:87 - click on login button
2022-05-31 14:34:10,417  INFO [TestNG-test=FireFocxTest-1] Ram:102 - click on menu button
2022-05-31 14:34:10,636  INFO [TestNG-test=FireFocxTest-2] Ram:24 - select bag product
2022-05-31 14:34:10,684  INFO [TestNG-test=FireFocxTest-1] Ram:106 - click on log out button
2022-05-31 14:34:11,234  INFO [TestNG-test=FireFocxTest-2] Ram:29 - bike light element is select
2022-05-31 14:34:11,674  INFO [TestNG-test=FireFocxTest-2] Ram:34 - jacket is select
2022-05-31 14:34:12,050  INFO [TestNG-test=FireFocxTest-2] Ram:39 - red t shirt is select
2022-05-31 14:34:12,442  INFO [TestNG-test=FireFocxTest-2] Ram:44 - T shirt is selected
2022-05-31 14:34:12,804  INFO [TestNG-test=FireFocxTest-2] Ram:49 - onesie selected
2022-05-31 14:34:13,324  INFO [TestNG-test=FireFocxTest-2] Ram:102 - click on menu button
2022-05-31 14:34:13,558  INFO [TestNG-test=FireFocxTest-2] Ram:106 - click on log out button
2022-05-31 14:34:14,451  INFO [TestNG-test=FireFocxTest-1] Ram:113 - end of program
2022-05-31 14:34:15,491  INFO [TestNG-test=FireFocxTest-2] Ram:113 - end of program
